<?xml version="1.0" encoding="UTF-8"?>
<!-- Generated by org.testng.reporters.JUnitXMLReporter -->
<testsuite hostname="LAPTOP-KAGLUQR3" ignored="0" name="Default test" tests="6" failures="0" timestamp="02 Nov 2022 09:55:51 GMT" time="0.044" errors="0">
  <testcase name="tc01" time="0.01" classname="org.excel.TestNg5"/>
  <testcase name="tc02" time="0.002" classname="org.excel.TestNg5"/>
  <testcase name="tc03" time="0.002" classname="org.excel.TestNg5"/>
  <testcase name="tc04" time="0.001" classname="org.excel.TestNg5"/>
  <testcase name="tc05" time="0.001" classname="org.excel.TestNg5"/>
  <testcase name="tc06" time="0.001" classname="org.excel.TestNg5"/>
</testsuite> <!-- Default test -->
