<?xml version="1.0" encoding="UTF-8"?>
<!-- Generated by org.testng.reporters.JUnitXMLReporter -->
<testsuite hostname="LAPTOP-KAGLUQR3" ignored="0" name="Test" tests="7" failures="0" timestamp="03 Nov 2022 02:21:56 GMT" time="0.05" errors="0">
  <testcase name="tc04" time="0.011" classname="org.excel.TestNg4"/>
  <testcase name="tc02" time="0.011" classname="org.excel.TestNg4"/>
  <testcase name="tc03" time="0.011" classname="org.excel.TestNg4"/>
  <testcase name="tc01" time="0.011" classname="org.excel.TestNg4"/>
  <testcase name="tc05" time="0.011" classname="org.excel.TestNg4"/>
  <testcase name="tc06" time="0.001" classname="org.excel.TestNg4"/>
  <testcase name="tc07" time="0.002" classname="org.excel.TestNg4"/>
</testsuite> <!-- Test -->
