<?xml version="1.0" encoding="UTF-8"?>
<testng-results skipped="0" failed="0" ignored="0" total="3" passed="3">
  <reporter-output>
  </reporter-output>
  <suite name="Suite" duration-ms="20660" started-at="2022-11-04T02:14:33Z" finished-at="2022-11-04T02:14:53Z">
    <groups>
    </groups>
    <test name="chromeTest" duration-ms="7863" started-at="2022-11-04T02:14:33Z" finished-at="2022-11-04T02:14:40Z">
      <class name="org.excel.TestNg4">
        <test-method status="PASS" signature="tc01(java.lang.String)[pri:0, instance:org.excel.TestNg4@3f49dace]" name="tc01" duration-ms="7838" started-at="2022-11-04T02:14:33Z" finished-at="2022-11-04T02:14:40Z">
          <params>
            <param index="0">
              <value>
                <![CDATA[chrome]]>
              </value>
            </param>
          </params>
          <reporter-output>
          </reporter-output>
        </test-method> <!-- tc01 -->
      </class> <!-- org.excel.TestNg4 -->
    </test> <!-- chromeTest -->
    <test name="edgeTest" duration-ms="5094" started-at="2022-11-04T02:14:40Z" finished-at="2022-11-04T02:14:46Z">
      <class name="org.excel.TestNg4">
        <test-method status="PASS" signature="tc01(java.lang.String)[pri:0, instance:org.excel.TestNg4@31dc339b]" name="tc01" duration-ms="5091" started-at="2022-11-04T02:14:40Z" finished-at="2022-11-04T02:14:46Z">
          <params>
            <param index="0">
              <value>
                <![CDATA[edge]]>
              </value>
            </param>
          </params>
          <reporter-output>
          </reporter-output>
        </test-method> <!-- tc01 -->
      </class> <!-- org.excel.TestNg4 -->
    </test> <!-- edgeTest -->
    <test name="firefoxTest" duration-ms="7653" started-at="2022-11-04T02:14:46Z" finished-at="2022-11-04T02:14:53Z">
      <class name="org.excel.TestNg4">
        <test-method status="PASS" signature="tc01(java.lang.String)[pri:0, instance:org.excel.TestNg4@4e1d422d]" name="tc01" duration-ms="7649" started-at="2022-11-04T02:14:46Z" finished-at="2022-11-04T02:14:53Z">
          <params>
            <param index="0">
              <value>
                <![CDATA[firefox]]>
              </value>
            </param>
          </params>
          <reporter-output>
          </reporter-output>
        </test-method> <!-- tc01 -->
      </class> <!-- org.excel.TestNg4 -->
    </test> <!-- firefoxTest -->
  </suite> <!-- Suite -->
</testng-results>
